Build started 6/30/2013 2:20:26 PM.
     1>Project "E:\Projects\c++\GarrysMod\gm_execute\project\windows\vs2010\client.vcxproj" on node 2 (rebuild target(s)).
     1>PrepareForBuild:
         Creating directory "..\..\..\bin\windows\release\".
       InitializeBuildStatus:
         Creating "obj\release\client\client.unsuccessfulbuild" because "AlwaysCreate" was specified.
       ClCompile:
         c:\Program Files (x86)\Microsoft Visual Studio 10.0\VC\bin\CL.exe /c /I..\..\..\include /nologo /W3 /WX- /Ox /Oy- /GL /D NO_SDK /D NDEBUG /D RELEASE /D CLIENT /D GMMODULE /D _WINDLL /D _MBCS /GF /Gm- /EHsc /MT /GS /Gy /arch:SSE /fp:fast /Zc:wchar_t /Zc:forScope /Fo"obj\release\client\\" /Fd"obj\release\client\vc100.pdb" /Gd /TP /analyze- /errorReport:prompt ..\..\..\source\main.cpp ..\..\..\include\ILuaInterface.cpp ..\..\..\include\ILuaModuleManager.cpp ..\..\..\include\ILuaObject.cpp
         main.cpp
         ILuaInterface.cpp
         ILuaModuleManager.cpp
         ILuaObject.cpp
       Link:
         c:\Program Files (x86)\Microsoft Visual Studio 10.0\VC\bin\link.exe /ERRORREPORT:PROMPT /OUT:"..\..\..\bin\windows\release\gmcl_execute_win32.dll" /INCREMENTAL:NO /NOLOGO kernel32.lib user32.lib gdi32.lib winspool.lib comdlg32.lib advapi32.lib shell32.lib ole32.lib oleaut32.lib uuid.lib odbc32.lib odbccp32.lib /MANIFEST /ManifestFile:"obj\release\client\gmcl_execute_win32.dll.intermediate.manifest" /MANIFESTUAC:"level='asInvoker' uiAccess='false'" /PDB:"E:\Projects\c++\GarrysMod\gm_execute\bin\windows\release\gmcl_execute_win32.pdb" /SUBSYSTEM:WINDOWS /OPT:REF /OPT:ICF /LTCG /TLBID:1 /DYNAMICBASE /NXCOMPAT /IMPLIB:"..\..\..\bin\windows\release\gmcl_execute_win32.lib" /MACHINE:X86 /DLL obj\release\client\main.obj
         obj\release\client\ILuaInterface.obj
         obj\release\client\ILuaModuleManager.obj
         obj\release\client\ILuaObject.obj
            Creating library ..\..\..\bin\windows\release\gmcl_execute_win32.lib and object ..\..\..\bin\windows\release\gmcl_execute_win32.exp
         Generating code
         Finished generating code
         client.vcxproj -> E:\Projects\c++\GarrysMod\gm_execute\project\windows\vs2010\..\..\..\bin\windows\release\gmcl_execute_win32.dll
       Manifest:
         C:\Program Files (x86)\Microsoft SDKs\Windows\v7.0A\bin\mt.exe /nologo /verbose /outputresource:"..\..\..\bin\windows\release\gmcl_execute_win32.dll;#2" /manifest obj\release\client\gmcl_execute_win32.dll.intermediate.manifest
       FinalizeBuildStatus:
         Deleting file "obj\release\client\client.unsuccessfulbuild".
         Touching "obj\release\client\client.lastbuildstate".
     1>Done Building Project "E:\Projects\c++\GarrysMod\gm_execute\project\windows\vs2010\client.vcxproj" (rebuild target(s)).

Build succeeded.

Time Elapsed 00:00:02.23
